
*** Running vivado
    with args -log AXI4Stream_RS232_0.vds -m64 -product Vivado -mode batch -messageDb vivado.pb -notrace -source AXI4Stream_RS232_0.tcl


****** Vivado v2019.1 (64-bit)
  **** SW Build 2552052 on Fri May 24 14:49:42 MDT 2019
  **** IP Build 2548770 on Fri May 24 18:01:18 MDT 2019
    ** Copyright 1986-2019 Xilinx, Inc. All Rights Reserved.

source AXI4Stream_RS232_0.tcl -notrace
create_project: Time (s): cpu = 00:00:04 ; elapsed = 00:00:16 . Memory (MB): peak = 357.258 ; gain = 67.934
INFO: [IP_Flow 19-234] Refreshing IP repositories
INFO: [IP_Flow 19-1700] Loaded user IP repository 'f:/UOM/Semester7/FYP/NDVI_Camera/PickTea/HOME2_C1/VIVADO/lab2_home/lab2_home.ip_user_files'.
INFO: [IP_Flow 19-2313] Loaded Vivado IP repository 'E:/Software/Vivado/2019.1/data/ip'.
update_ip_catalog: Time (s): cpu = 00:00:01 ; elapsed = 00:00:09 . Memory (MB): peak = 381.086 ; gain = 23.828
WARNING: [IP_Flow 19-4995] The host OS only allows 260 characters in a normal path. The IP cache path is more than 80 characters. If you experience issues with IP caching, please consider changing the IP cache to a location with a shorter path. Alternately consider using the OS subst command to map part of the path to a drive letter. 
Current IP cache path is f:/UOM/Semester7/FYP/NDVI_Camera/PickTea/HOME2_C1/VIVADO/lab2_home/lab2_home.cache/ip 
Command: synth_design -top AXI4Stream_RS232_0 -part xc7a35tcpg236-1 -mode out_of_context
Starting synth_design
Attempting to get a license for feature 'Synthesis' and/or device 'xc7a35t'
INFO: [Common 17-349] Got license for feature 'Synthesis' and/or device 'xc7a35t'
INFO: [Device 21-403] Loading part xc7a35tcpg236-1
INFO: Launching helper process for spawning children vivado processes
INFO: Helper process launched with PID 7720 
---------------------------------------------------------------------------------
Starting RTL Elaboration : Time (s): cpu = 00:00:06 ; elapsed = 00:00:10 . Memory (MB): peak = 806.922 ; gain = 178.145
---------------------------------------------------------------------------------
INFO: [Synth 8-638] synthesizing module 'AXI4Stream_RS232_0' [f:/UOM/Semester7/FYP/NDVI_Camera/PickTea/HOME2_C1/VIVADO/lab2_home/lab2_home.srcs/sources_1/ip/AXI4Stream_RS232_0/synth/AXI4Stream_RS232_0.vhd:75]
	Parameter RS232_BAUD_RATE bound to: 115200 - type: integer 
	Parameter RS232_CLOCK_FREQUENCY bound to: 100000000 - type: integer 
	Parameter C_M00_AXIS_RX_TDATA_WIDTH bound to: 8 - type: integer 
	Parameter C_S00_AXIS_TX_TDATA_WIDTH bound to: 8 - type: integer 
INFO: [Synth 8-3491] module 'AXI4Stream_RS232_v1_0' declared at 'f:/UOM/Semester7/FYP/NDVI_Camera/PickTea/HOME2_C1/VIVADO/lab2_home/lab2_home.srcs/sources_1/ip/AXI4Stream_RS232_0/hdl/AXI4Stream_RS232_v1_0.vhd:42' bound to instance 'U0' of component 'AXI4Stream_RS232_v1_0' [f:/UOM/Semester7/FYP/NDVI_Camera/PickTea/HOME2_C1/VIVADO/lab2_home/lab2_home.srcs/sources_1/ip/AXI4Stream_RS232_0/synth/AXI4Stream_RS232_0.vhd:132]
INFO: [Synth 8-638] synthesizing module 'AXI4Stream_RS232_v1_0' [f:/UOM/Semester7/FYP/NDVI_Camera/PickTea/HOME2_C1/VIVADO/lab2_home/lab2_home.srcs/sources_1/ip/AXI4Stream_RS232_0/hdl/AXI4Stream_RS232_v1_0.vhd:82]
	Parameter RS232_BAUD_RATE bound to: 115200 - type: integer 
	Parameter RS232_CLOCK_FREQUENCY bound to: 100000000 - type: integer 
	Parameter C_M00_AXIS_RX_TDATA_WIDTH bound to: 8 - type: integer 
	Parameter C_S00_AXIS_TX_TDATA_WIDTH bound to: 8 - type: integer 
	Parameter C_S_AXIS_TDATA_WIDTH bound to: 8 - type: integer 
INFO: [Synth 8-3491] module 'AXI4Stream_RS232_v1_0_S00_AXIS_TX' declared at 'f:/UOM/Semester7/FYP/NDVI_Camera/PickTea/HOME2_C1/VIVADO/lab2_home/lab2_home.srcs/sources_1/ip/AXI4Stream_RS232_0/hdl/AXI4Stream_RS232_v1_0_S00_AXIS_TX.vhd:39' bound to instance 'AXI4Stream_RS232_v1_0_S00_AXIS_TX_inst' of component 'AXI4Stream_RS232_v1_0_S00_AXIS_TX' [f:/UOM/Semester7/FYP/NDVI_Camera/PickTea/HOME2_C1/VIVADO/lab2_home/lab2_home.srcs/sources_1/ip/AXI4Stream_RS232_0/hdl/AXI4Stream_RS232_v1_0.vhd:217]
INFO: [Synth 8-638] synthesizing module 'AXI4Stream_RS232_v1_0_S00_AXIS_TX' [f:/UOM/Semester7/FYP/NDVI_Camera/PickTea/HOME2_C1/VIVADO/lab2_home/lab2_home.srcs/sources_1/ip/AXI4Stream_RS232_0/hdl/AXI4Stream_RS232_v1_0_S00_AXIS_TX.vhd:70]
	Parameter C_S_AXIS_TDATA_WIDTH bound to: 8 - type: integer 
INFO: [Synth 8-256] done synthesizing module 'AXI4Stream_RS232_v1_0_S00_AXIS_TX' (1#1) [f:/UOM/Semester7/FYP/NDVI_Camera/PickTea/HOME2_C1/VIVADO/lab2_home/lab2_home.srcs/sources_1/ip/AXI4Stream_RS232_0/hdl/AXI4Stream_RS232_v1_0_S00_AXIS_TX.vhd:70]
	Parameter FIFO_MEMORY_TYPE bound to: block - type: string 
	Parameter FIFO_WRITE_DEPTH bound to: 2048 - type: integer 
	Parameter RELATED_CLOCKS bound to: 0 - type: integer 
	Parameter WRITE_DATA_WIDTH bound to: 8 - type: integer 
	Parameter READ_MODE bound to: fwft - type: string 
	Parameter FIFO_READ_LATENCY bound to: 0 - type: integer 
	Parameter FULL_RESET_VALUE bound to: 0 - type: integer 
	Parameter USE_ADV_FEATURES bound to: 0808 - type: string 
	Parameter READ_DATA_WIDTH bound to: 8 - type: integer 
	Parameter CDC_SYNC_STAGES bound to: 2 - type: integer 
	Parameter WR_DATA_COUNT_WIDTH bound to: 1 - type: integer 
	Parameter PROG_FULL_THRESH bound to: 10 - type: integer 
	Parameter RD_DATA_COUNT_WIDTH bound to: 1 - type: integer 
	Parameter PROG_EMPTY_THRESH bound to: 10 - type: integer 
	Parameter DOUT_RESET_VALUE bound to: 0 - type: string 
	Parameter ECC_MODE bound to: no_ecc - type: string 
	Parameter SIM_ASSERT_CHK bound to: 0 - type: integer 
	Parameter WAKEUP_TIME bound to: 0 - type: integer 
INFO: [Synth 8-3491] module 'xpm_fifo_async' declared at 'E:/Software/Vivado/2019.1/data/ip/xpm/xpm_fifo/hdl/xpm_fifo.sv:2025' bound to instance 'FIFO_DATA_TX' of component 'xpm_fifo_async' [f:/UOM/Semester7/FYP/NDVI_Camera/PickTea/HOME2_C1/VIVADO/lab2_home/lab2_home.srcs/sources_1/ip/AXI4Stream_RS232_0/hdl/AXI4Stream_RS232_v1_0.vhd:249]
INFO: [Synth 8-6157] synthesizing module 'xpm_fifo_async' [E:/Software/Vivado/2019.1/data/ip/xpm/xpm_fifo/hdl/xpm_fifo.sv:2025]
	Parameter FIFO_MEMORY_TYPE bound to: block - type: string 
	Parameter ECC_MODE bound to: no_ecc - type: string 
	Parameter RELATED_CLOCKS bound to: 0 - type: integer 
	Parameter SIM_ASSERT_CHK bound to: 0 - type: integer 
	Parameter FIFO_WRITE_DEPTH bound to: 2048 - type: integer 
	Parameter WRITE_DATA_WIDTH bound to: 8 - type: integer 
	Parameter WR_DATA_COUNT_WIDTH bound to: 1 - type: integer 
	Parameter PROG_FULL_THRESH bound to: 10 - type: integer 
	Parameter FULL_RESET_VALUE bound to: 0 - type: integer 
	Parameter USE_ADV_FEATURES bound to: 0808 - type: string 
	Parameter READ_MODE bound to: fwft - type: string 
	Parameter FIFO_READ_LATENCY bound to: 0 - type: integer 
	Parameter READ_DATA_WIDTH bound to: 8 - type: integer 
	Parameter RD_DATA_COUNT_WIDTH bound to: 1 - type: integer 
	Parameter PROG_EMPTY_THRESH bound to: 10 - type: integer 
	Parameter DOUT_RESET_VALUE bound to: 0 - type: string 
	Parameter CDC_SYNC_STAGES bound to: 2 - type: integer 
	Parameter WAKEUP_TIME bound to: 0 - type: integer 
	Parameter EN_ADV_FEATURE_ASYNC bound to: 16'b0000100000001000 
	Parameter P_FIFO_MEMORY_TYPE bound to: 2 - type: integer 
	Parameter P_COMMON_CLOCK bound to: 0 - type: integer 
	Parameter P_ECC_MODE bound to: 0 - type: integer 
	Parameter P_READ_MODE bound to: 1 - type: integer 
	Parameter P_WAKEUP_TIME bound to: 2 - type: integer 
INFO: [Synth 8-6157] synthesizing module 'xpm_fifo_base' [E:/Software/Vivado/2019.1/data/ip/xpm/xpm_fifo/hdl/xpm_fifo.sv:56]
	Parameter COMMON_CLOCK bound to: 0 - type: integer 
	Parameter RELATED_CLOCKS bound to: 0 - type: integer 
	Parameter FIFO_MEMORY_TYPE bound to: 2 - type: integer 
	Parameter ECC_MODE bound to: 0 - type: integer 
	Parameter SIM_ASSERT_CHK bound to: 0 - type: integer 
	Parameter FIFO_WRITE_DEPTH bound to: 2048 - type: integer 
	Parameter WRITE_DATA_WIDTH bound to: 8 - type: integer 
	Parameter WR_DATA_COUNT_WIDTH bound to: 1 - type: integer 
	Parameter PROG_FULL_THRESH bound to: 10 - type: integer 
	Parameter USE_ADV_FEATURES bound to: 0808 - type: string 
	Parameter READ_MODE bound to: 1 - type: integer 
	Parameter FIFO_READ_LATENCY bound to: 0 - type: integer 
	Parameter READ_DATA_WIDTH bound to: 8 - type: integer 
	Parameter RD_DATA_COUNT_WIDTH bound to: 1 - type: integer 
	Parameter PROG_EMPTY_THRESH bound to: 10 - type: integer 
	Parameter DOUT_RESET_VALUE bound to: 0 - type: string 
	Parameter CDC_DEST_SYNC_FF bound to: 2 - type: integer 
	Parameter FULL_RESET_VALUE bound to: 0 - type: integer 
	Parameter REMOVE_WR_RD_PROT_LOGIC bound to: 0 - type: integer 
	Parameter WAKEUP_TIME bound to: 0 - type: integer 
	Parameter VERSION bound to: 0 - type: integer 
	Parameter invalid bound to: 0 - type: integer 
	Parameter stage1_valid bound to: 2 - type: integer 
	Parameter stage2_valid bound to: 1 - type: integer 
	Parameter both_stages_valid bound to: 3 - type: integer 
	Parameter FIFO_MEM_TYPE bound to: 2 - type: integer 
	Parameter RD_MODE bound to: 1 - type: integer 
	Parameter ENABLE_ECC bound to: 0 - type: integer 
	Parameter FIFO_READ_DEPTH bound to: 2048 - type: integer 
	Parameter FIFO_SIZE bound to: 16384 - type: integer 
	Parameter WR_WIDTH_LOG bound to: 3 - type: integer 
	Parameter WR_DEPTH_LOG bound to: 11 - type: integer 
	Parameter WR_PNTR_WIDTH bound to: 11 - type: integer 
	Parameter RD_PNTR_WIDTH bound to: 11 - type: integer 
	Parameter FULL_RST_VAL bound to: 1'b0 
	Parameter WR_RD_RATIO bound to: 0 - type: integer 
	Parameter PF_THRESH_ADJ bound to: 8 - type: integer 
	Parameter PE_THRESH_ADJ bound to: 8 - type: integer 
	Parameter PF_THRESH_MIN bound to: 7 - type: integer 
	Parameter PF_THRESH_MAX bound to: 2043 - type: integer 
	Parameter PE_THRESH_MIN bound to: 5 - type: integer 
	Parameter PE_THRESH_MAX bound to: 2043 - type: integer 
	Parameter WR_DC_WIDTH_EXT bound to: 12 - type: integer 
	Parameter RD_DC_WIDTH_EXT bound to: 12 - type: integer 
	Parameter RD_LATENCY bound to: 2 - type: integer 
	Parameter WIDTH_RATIO bound to: 1 - type: integer 
	Parameter EN_ADV_FEATURE bound to: 16'b0000100000001000 
	Parameter EN_OF bound to: 1'b0 
	Parameter EN_PF bound to: 1'b0 
	Parameter EN_WDC bound to: 1'b0 
	Parameter EN_AF bound to: 1'b1 
	Parameter EN_WACK bound to: 1'b0 
	Parameter FG_EQ_ASYM_DOUT bound to: 1'b0 
	Parameter EN_UF bound to: 1'b0 
	Parameter EN_PE bound to: 1'b0 
	Parameter EN_RDC bound to: 1'b0 
	Parameter EN_AE bound to: 1'b1 
	Parameter EN_DVLD bound to: 1'b0 
INFO: [Synth 8-6157] synthesizing module 'xpm_counter_updn' [E:/Software/Vivado/2019.1/data/ip/xpm/xpm_fifo/hdl/xpm_fifo.sv:1740]
	Parameter COUNTER_WIDTH bound to: 11 - type: integer 
	Parameter RESET_VALUE bound to: 3 - type: integer 
INFO: [Synth 8-6155] done synthesizing module 'xpm_counter_updn' (2#1) [E:/Software/Vivado/2019.1/data/ip/xpm/xpm_fifo/hdl/xpm_fifo.sv:1740]
INFO: [Synth 8-6157] synthesizing module 'xpm_counter_updn__parameterized0' [E:/Software/Vivado/2019.1/data/ip/xpm/xpm_fifo/hdl/xpm_fifo.sv:1740]
	Parameter COUNTER_WIDTH bound to: 11 - type: integer 
	Parameter RESET_VALUE bound to: 2 - type: integer 
INFO: [Synth 8-6155] done synthesizing module 'xpm_counter_updn__parameterized0' (2#1) [E:/Software/Vivado/2019.1/data/ip/xpm/xpm_fifo/hdl/xpm_fifo.sv:1740]
INFO: [Synth 8-6157] synthesizing module 'xpm_memory_base' [E:/Software/Vivado/2019.1/data/ip/xpm/xpm_memory/hdl/xpm_memory.sv:57]
	Parameter MEMORY_TYPE bound to: 1 - type: integer 
	Parameter MEMORY_SIZE bound to: 16384 - type: integer 
	Parameter MEMORY_PRIMITIVE bound to: 2 - type: integer 
	Parameter CLOCKING_MODE bound to: 1 - type: integer 
	Parameter ECC_MODE bound to: 0 - type: integer 
	Parameter MEMORY_INIT_FILE bound to: none - type: string 
	Parameter MEMORY_INIT_PARAM bound to: (null) - type: string 
	Parameter USE_MEM_INIT bound to: 0 - type: integer 
	Parameter MEMORY_OPTIMIZATION bound to: true - type: string 
	Parameter WAKEUP_TIME bound to: 0 - type: integer 
	Parameter AUTO_SLEEP_TIME bound to: 0 - type: integer 
	Parameter MESSAGE_CONTROL bound to: 0 - type: integer 
	Parameter VERSION bound to: 0 - type: integer 
	Parameter USE_EMBEDDED_CONSTRAINT bound to: 0 - type: integer 
	Parameter CASCADE_HEIGHT bound to: 0 - type: integer 
	Parameter SIM_ASSERT_CHK bound to: 0 - type: integer 
	Parameter WRITE_DATA_WIDTH_A bound to: 8 - type: integer 
	Parameter READ_DATA_WIDTH_A bound to: 8 - type: integer 
	Parameter BYTE_WRITE_WIDTH_A bound to: 8 - type: integer 
	Parameter ADDR_WIDTH_A bound to: 11 - type: integer 
	Parameter READ_RESET_VALUE_A bound to: 0 - type: string 
	Parameter READ_LATENCY_A bound to: 2 - type: integer 
	Parameter WRITE_MODE_A bound to: 2 - type: integer 
	Parameter RST_MODE_A bound to: SYNC - type: string 
	Parameter WRITE_DATA_WIDTH_B bound to: 8 - type: integer 
	Parameter READ_DATA_WIDTH_B bound to: 8 - type: integer 
	Parameter BYTE_WRITE_WIDTH_B bound to: 8 - type: integer 
	Parameter ADDR_WIDTH_B bound to: 11 - type: integer 
	Parameter READ_RESET_VALUE_B bound to: 0 - type: string 
	Parameter READ_LATENCY_B bound to: 2 - type: integer 
	Parameter WRITE_MODE_B bound to: 2 - type: integer 
	Parameter RST_MODE_B bound to: SYNC - type: string 
	Parameter P_MEMORY_PRIMITIVE bound to: block - type: string 
	Parameter P_MIN_WIDTH_DATA_A bound to: 8 - type: integer 
	Parameter P_MIN_WIDTH_DATA_B bound to: 8 - type: integer 
	Parameter P_MIN_WIDTH_DATA bound to: 8 - type: integer 
	Parameter P_MIN_WIDTH_DATA_ECC bound to: 8 - type: integer 
	Parameter P_MAX_DEPTH_DATA bound to: 2048 - type: integer 
	Parameter P_ECC_MODE bound to: no_ecc - type: string 
	Parameter P_MEMORY_OPT bound to: yes - type: string 
	Parameter P_WIDTH_COL_WRITE_A bound to: 8 - type: integer 
	Parameter P_WIDTH_COL_WRITE_B bound to: 8 - type: integer 
	Parameter P_NUM_COLS_WRITE_A bound to: 1 - type: integer 
	Parameter P_NUM_COLS_WRITE_B bound to: 1 - type: integer 
	Parameter P_NUM_ROWS_WRITE_A bound to: 1 - type: integer 
	Parameter P_NUM_ROWS_WRITE_B bound to: 1 - type: integer 
	Parameter P_NUM_ROWS_READ_A bound to: 1 - type: integer 
	Parameter P_NUM_ROWS_READ_B bound to: 1 - type: integer 
	Parameter P_WIDTH_ADDR_WRITE_A bound to: 11 - type: integer 
	Parameter P_WIDTH_ADDR_WRITE_B bound to: 11 - type: integer 
	Parameter P_WIDTH_ADDR_READ_A bound to: 11 - type: integer 
	Parameter P_WIDTH_ADDR_READ_B bound to: 11 - type: integer 
	Parameter P_WIDTH_ADDR_LSB_WRITE_A bound to: 0 - type: integer 
	Parameter P_WIDTH_ADDR_LSB_WRITE_B bound to: 0 - type: integer 
	Parameter P_WIDTH_ADDR_LSB_READ_A bound to: 0 - type: integer 
	Parameter P_WIDTH_ADDR_LSB_READ_B bound to: 0 - type: integer 
	Parameter P_ENABLE_BYTE_WRITE_A bound to: 0 - type: integer 
	Parameter P_ENABLE_BYTE_WRITE_B bound to: 0 - type: integer 
	Parameter P_SDP_WRITE_MODE bound to: no - type: string 
	Parameter rsta_loop_iter bound to: 8 - type: integer 
	Parameter rstb_loop_iter bound to: 8 - type: integer 
	Parameter NUM_CHAR_LOC bound to: 0 - type: integer 
	Parameter MAX_NUM_CHAR bound to: 0 - type: integer 
	Parameter P_MIN_WIDTH_DATA_SHFT bound to: 8 - type: integer 
	Parameter P_MIN_WIDTH_DATA_LDW bound to: 4 - type: integer 
WARNING: [Synth 8-6014] Unused sequential element gen_rd_b.gen_doutb_pipe.enb_pipe_reg[0] was removed.  [E:/Software/Vivado/2019.1/data/ip/xpm/xpm_memory/hdl/xpm_memory.sv:2882]
INFO: [Synth 8-5772] Detected attribute (* rw_addr_collision = "no" *) on RAM gen_wr_a.gen_word_narrow.mem_reg 
INFO: [Synth 8-5772] Detected attribute (* ram_ecc = "no_ecc" *) on RAM gen_wr_a.gen_word_narrow.mem_reg 
INFO: [Synth 8-6155] done synthesizing module 'xpm_memory_base' (3#1) [E:/Software/Vivado/2019.1/data/ip/xpm/xpm_memory/hdl/xpm_memory.sv:57]
INFO: [Synth 8-6157] synthesizing module 'xpm_cdc_gray' [E:/Software/Vivado/2019.1/data/ip/xpm/xpm_cdc/hdl/xpm_cdc.sv:284]
	Parameter DEST_SYNC_FF bound to: 2 - type: integer 
	Parameter INIT_SYNC_FF bound to: 1 - type: integer 
	Parameter REG_OUTPUT bound to: 0 - type: integer 
	Parameter SIM_ASSERT_CHK bound to: 0 - type: integer 
	Parameter SIM_LOSSLESS_GRAY_CHK bound to: 0 - type: integer 
	Parameter VERSION bound to: 0 - type: integer 
	Parameter WIDTH bound to: 11 - type: integer 
INFO: [Synth 8-5534] Detected attribute (* ASYNC_REG = "TRUE" *) [E:/Software/Vivado/2019.1/data/ip/xpm/xpm_cdc/hdl/xpm_cdc.sv:358]
WARNING: [Synth 8-6014] Unused sequential element dest_out_bin_ff_reg was removed.  [E:/Software/Vivado/2019.1/data/ip/xpm/xpm_cdc/hdl/xpm_cdc.sv:417]
INFO: [Synth 8-6155] done synthesizing module 'xpm_cdc_gray' (4#1) [E:/Software/Vivado/2019.1/data/ip/xpm/xpm_cdc/hdl/xpm_cdc.sv:284]
INFO: [Synth 8-6157] synthesizing module 'xpm_fifo_reg_vec' [E:/Software/Vivado/2019.1/data/ip/xpm/xpm_fifo/hdl/xpm_fifo.sv:1766]
	Parameter REG_WIDTH bound to: 11 - type: integer 
INFO: [Synth 8-6155] done synthesizing module 'xpm_fifo_reg_vec' (5#1) [E:/Software/Vivado/2019.1/data/ip/xpm/xpm_fifo/hdl/xpm_fifo.sv:1766]
INFO: [Synth 8-6157] synthesizing module 'xpm_cdc_gray__parameterized0' [E:/Software/Vivado/2019.1/data/ip/xpm/xpm_cdc/hdl/xpm_cdc.sv:284]
	Parameter DEST_SYNC_FF bound to: 4 - type: integer 
	Parameter INIT_SYNC_FF bound to: 1 - type: integer 
	Parameter REG_OUTPUT bound to: 0 - type: integer 
	Parameter SIM_ASSERT_CHK bound to: 0 - type: integer 
	Parameter SIM_LOSSLESS_GRAY_CHK bound to: 0 - type: integer 
	Parameter VERSION bound to: 0 - type: integer 
	Parameter WIDTH bound to: 12 - type: integer 
WARNING: [Synth 8-6014] Unused sequential element dest_out_bin_ff_reg was removed.  [E:/Software/Vivado/2019.1/data/ip/xpm/xpm_cdc/hdl/xpm_cdc.sv:417]
INFO: [Synth 8-6155] done synthesizing module 'xpm_cdc_gray__parameterized0' (5#1) [E:/Software/Vivado/2019.1/data/ip/xpm/xpm_cdc/hdl/xpm_cdc.sv:284]
INFO: [Synth 8-6157] synthesizing module 'xpm_fifo_reg_vec__parameterized0' [E:/Software/Vivado/2019.1/data/ip/xpm/xpm_fifo/hdl/xpm_fifo.sv:1766]
	Parameter REG_WIDTH bound to: 12 - type: integer 
INFO: [Synth 8-6155] done synthesizing module 'xpm_fifo_reg_vec__parameterized0' (5#1) [E:/Software/Vivado/2019.1/data/ip/xpm/xpm_fifo/hdl/xpm_fifo.sv:1766]
INFO: [Synth 8-6157] synthesizing module 'xpm_cdc_gray__parameterized1' [E:/Software/Vivado/2019.1/data/ip/xpm/xpm_cdc/hdl/xpm_cdc.sv:284]
	Parameter DEST_SYNC_FF bound to: 2 - type: integer 
	Parameter INIT_SYNC_FF bound to: 1 - type: integer 
	Parameter REG_OUTPUT bound to: 0 - type: integer 
	Parameter SIM_ASSERT_CHK bound to: 0 - type: integer 
	Parameter SIM_LOSSLESS_GRAY_CHK bound to: 0 - type: integer 
	Parameter VERSION bound to: 0 - type: integer 
	Parameter WIDTH bound to: 12 - type: integer 
WARNING: [Synth 8-6014] Unused sequential element dest_out_bin_ff_reg was removed.  [E:/Software/Vivado/2019.1/data/ip/xpm/xpm_cdc/hdl/xpm_cdc.sv:417]
INFO: [Synth 8-6155] done synthesizing module 'xpm_cdc_gray__parameterized1' (5#1) [E:/Software/Vivado/2019.1/data/ip/xpm/xpm_cdc/hdl/xpm_cdc.sv:284]
INFO: [Synth 8-6157] synthesizing module 'xpm_fifo_reg_bit' [E:/Software/Vivado/2019.1/data/ip/xpm/xpm_fifo/hdl/xpm_fifo.sv:1788]
	Parameter RST_VALUE bound to: 0 - type: integer 
INFO: [Synth 8-6155] done synthesizing module 'xpm_fifo_reg_bit' (6#1) [E:/Software/Vivado/2019.1/data/ip/xpm/xpm_fifo/hdl/xpm_fifo.sv:1788]
INFO: [Synth 8-226] default block is never used [E:/Software/Vivado/2019.1/data/ip/xpm/xpm_fifo/hdl/xpm_fifo.sv:1187]
INFO: [Synth 8-226] default block is never used [E:/Software/Vivado/2019.1/data/ip/xpm/xpm_fifo/hdl/xpm_fifo.sv:1233]
INFO: [Synth 8-226] default block is never used [E:/Software/Vivado/2019.1/data/ip/xpm/xpm_fifo/hdl/xpm_fifo.sv:1244]
INFO: [Synth 8-6157] synthesizing module 'xpm_counter_updn__parameterized1' [E:/Software/Vivado/2019.1/data/ip/xpm/xpm_fifo/hdl/xpm_fifo.sv:1740]
	Parameter COUNTER_WIDTH bound to: 2 - type: integer 
	Parameter RESET_VALUE bound to: 0 - type: integer 
INFO: [Synth 8-6155] done synthesizing module 'xpm_counter_updn__parameterized1' (6#1) [E:/Software/Vivado/2019.1/data/ip/xpm/xpm_fifo/hdl/xpm_fifo.sv:1740]
INFO: [Synth 8-6157] synthesizing module 'xpm_fifo_rst' [E:/Software/Vivado/2019.1/data/ip/xpm/xpm_fifo/hdl/xpm_fifo.sv:1504]
	Parameter COMMON_CLOCK bound to: 0 - type: integer 
	Parameter CDC_DEST_SYNC_FF bound to: 2 - type: integer 
	Parameter SIM_ASSERT_CHK bound to: 0 - type: integer 
INFO: [Synth 8-5534] Detected attribute (* fsm_safe_state = "default_state" *) [E:/Software/Vivado/2019.1/data/ip/xpm/xpm_fifo/hdl/xpm_fifo.sv:1572]
INFO: [Synth 8-5534] Detected attribute (* fsm_safe_state = "default_state" *) [E:/Software/Vivado/2019.1/data/ip/xpm/xpm_fifo/hdl/xpm_fifo.sv:1578]
INFO: [Synth 8-6157] synthesizing module 'xpm_cdc_sync_rst' [E:/Software/Vivado/2019.1/data/ip/xpm/xpm_cdc/hdl/xpm_cdc.sv:1059]
	Parameter DEST_SYNC_FF bound to: 2 - type: integer 
	Parameter INIT bound to: 32'sb00000000000000000000000000000000 
	Parameter INIT_SYNC_FF bound to: 1 - type: integer 
	Parameter SIM_ASSERT_CHK bound to: 0 - type: integer 
	Parameter VERSION bound to: 0 - type: integer 
	Parameter DEF_VAL bound to: 1'b0 
INFO: [Synth 8-5534] Detected attribute (* ASYNC_REG = "TRUE" *) [E:/Software/Vivado/2019.1/data/ip/xpm/xpm_cdc/hdl/xpm_cdc.sv:1111]
INFO: [Synth 8-6155] done synthesizing module 'xpm_cdc_sync_rst' (7#1) [E:/Software/Vivado/2019.1/data/ip/xpm/xpm_cdc/hdl/xpm_cdc.sv:1059]
INFO: [Synth 8-6155] done synthesizing module 'xpm_fifo_rst' (8#1) [E:/Software/Vivado/2019.1/data/ip/xpm/xpm_fifo/hdl/xpm_fifo.sv:1504]
INFO: [Synth 8-6157] synthesizing module 'xpm_counter_updn__parameterized2' [E:/Software/Vivado/2019.1/data/ip/xpm/xpm_fifo/hdl/xpm_fifo.sv:1740]
	Parameter COUNTER_WIDTH bound to: 12 - type: integer 
	Parameter RESET_VALUE bound to: 0 - type: integer 
INFO: [Synth 8-6155] done synthesizing module 'xpm_counter_updn__parameterized2' (8#1) [E:/Software/Vivado/2019.1/data/ip/xpm/xpm_fifo/hdl/xpm_fifo.sv:1740]
INFO: [Synth 8-6157] synthesizing module 'xpm_counter_updn__parameterized3' [E:/Software/Vivado/2019.1/data/ip/xpm/xpm_fifo/hdl/xpm_fifo.sv:1740]
	Parameter COUNTER_WIDTH bound to: 11 - type: integer 
	Parameter RESET_VALUE bound to: 1 - type: integer 
INFO: [Synth 8-6155] done synthesizing module 'xpm_counter_updn__parameterized3' (8#1) [E:/Software/Vivado/2019.1/data/ip/xpm/xpm_fifo/hdl/xpm_fifo.sv:1740]
WARNING: [Synth 8-6014] Unused sequential element gen_pf_ic_rc.gae_ic_std.ram_aempty_i_reg was removed.  [E:/Software/Vivado/2019.1/data/ip/xpm/xpm_fifo/hdl/xpm_fifo.sv:742]
INFO: [Synth 8-5772] Detected attribute (* rw_addr_collision = "no" *) on RAM gen_wr_a.gen_word_narrow.mem_reg 
INFO: [Synth 8-4471] merging register 'gen_fwft.empty_fwft_fb_reg' into 'gen_fwft.empty_fwft_i_reg' [E:/Software/Vivado/2019.1/data/ip/xpm/xpm_fifo/hdl/xpm_fifo.sv:1292]
WARNING: [Synth 8-6014] Unused sequential element gen_fwft.empty_fwft_fb_reg was removed.  [E:/Software/Vivado/2019.1/data/ip/xpm/xpm_fifo/hdl/xpm_fifo.sv:1292]
INFO: [Synth 8-6155] done synthesizing module 'xpm_fifo_base' (9#1) [E:/Software/Vivado/2019.1/data/ip/xpm/xpm_fifo/hdl/xpm_fifo.sv:56]
INFO: [Synth 8-5772] Detected attribute (* rw_addr_collision = "no" *) on RAM gen_wr_a.gen_word_narrow.mem_reg 
INFO: [Synth 8-6155] done synthesizing module 'xpm_fifo_async' (10#1) [E:/Software/Vivado/2019.1/data/ip/xpm/xpm_fifo/hdl/xpm_fifo.sv:2025]
	Parameter RS232_BAUD_RATE bound to: 115200 - type: integer 
	Parameter RS232_CLOCK_FREQUENCY bound to: 100000000 - type: integer 
INFO: [Synth 8-3491] module 'RS232_Manager' declared at 'f:/UOM/Semester7/FYP/NDVI_Camera/PickTea/HOME2_C1/VIVADO/lab2_home/lab2_home.srcs/sources_1/ip/AXI4Stream_RS232_0/hdl/RS232_Manager.vhd:42' bound to instance 'RS232_Manager_inst' of component 'RS232_Manager' [f:/UOM/Semester7/FYP/NDVI_Camera/PickTea/HOME2_C1/VIVADO/lab2_home/lab2_home.srcs/sources_1/ip/AXI4Stream_RS232_0/hdl/AXI4Stream_RS232_v1_0.vhd:290]
INFO: [Synth 8-638] synthesizing module 'RS232_Manager' [f:/UOM/Semester7/FYP/NDVI_Camera/PickTea/HOME2_C1/VIVADO/lab2_home/lab2_home.srcs/sources_1/ip/AXI4Stream_RS232_0/hdl/RS232_Manager.vhd:78]
	Parameter RS232_BAUD_RATE bound to: 115200 - type: integer 
	Parameter RS232_CLOCK_FREQUENCY bound to: 100000000 - type: integer 
	Parameter BAUD_RATE bound to: 115200 - type: integer 
	Parameter CLOCK_FREQUENCY bound to: 100000000 - type: integer 
INFO: [Synth 8-3491] module 'UART_Engine' declared at 'f:/UOM/Semester7/FYP/NDVI_Camera/PickTea/HOME2_C1/VIVADO/lab2_home/lab2_home.srcs/sources_1/ip/AXI4Stream_RS232_0/hdl/UART_Engine.vhd:62' bound to instance 'Inst_uart' of component 'UART_engine' [f:/UOM/Semester7/FYP/NDVI_Camera/PickTea/HOME2_C1/VIVADO/lab2_home/lab2_home.srcs/sources_1/ip/AXI4Stream_RS232_0/hdl/RS232_Manager.vhd:125]
INFO: [Synth 8-638] synthesizing module 'UART_Engine' [f:/UOM/Semester7/FYP/NDVI_Camera/PickTea/HOME2_C1/VIVADO/lab2_home/lab2_home.srcs/sources_1/ip/AXI4Stream_RS232_0/hdl/UART_Engine.vhd:81]
	Parameter BAUD_RATE bound to: 115200 - type: integer 
	Parameter CLOCK_FREQUENCY bound to: 100000000 - type: integer 
INFO: [Synth 8-256] done synthesizing module 'UART_Engine' (11#1) [f:/UOM/Semester7/FYP/NDVI_Camera/PickTea/HOME2_C1/VIVADO/lab2_home/lab2_home.srcs/sources_1/ip/AXI4Stream_RS232_0/hdl/UART_Engine.vhd:81]
INFO: [Synth 8-256] done synthesizing module 'RS232_Manager' (12#1) [f:/UOM/Semester7/FYP/NDVI_Camera/PickTea/HOME2_C1/VIVADO/lab2_home/lab2_home.srcs/sources_1/ip/AXI4Stream_RS232_0/hdl/RS232_Manager.vhd:78]
	Parameter FIFO_MEMORY_TYPE bound to: block - type: string 
	Parameter FIFO_WRITE_DEPTH bound to: 2048 - type: integer 
	Parameter RELATED_CLOCKS bound to: 0 - type: integer 
	Parameter WRITE_DATA_WIDTH bound to: 8 - type: integer 
	Parameter READ_MODE bound to: fwft - type: string 
	Parameter FIFO_READ_LATENCY bound to: 0 - type: integer 
	Parameter FULL_RESET_VALUE bound to: 0 - type: integer 
	Parameter USE_ADV_FEATURES bound to: 0808 - type: string 
	Parameter READ_DATA_WIDTH bound to: 8 - type: integer 
	Parameter CDC_SYNC_STAGES bound to: 2 - type: integer 
	Parameter WR_DATA_COUNT_WIDTH bound to: 1 - type: integer 
	Parameter PROG_FULL_THRESH bound to: 10 - type: integer 
	Parameter RD_DATA_COUNT_WIDTH bound to: 1 - type: integer 
	Parameter PROG_EMPTY_THRESH bound to: 10 - type: integer 
	Parameter DOUT_RESET_VALUE bound to: 0 - type: string 
	Parameter ECC_MODE bound to: no_ecc - type: string 
	Parameter SIM_ASSERT_CHK bound to: 0 - type: integer 
	Parameter WAKEUP_TIME bound to: 0 - type: integer 
INFO: [Synth 8-3491] module 'xpm_fifo_async' declared at 'E:/Software/Vivado/2019.1/data/ip/xpm/xpm_fifo/hdl/xpm_fifo.sv:2025' bound to instance 'FIFO_DATA_RX' of component 'xpm_fifo_async' [f:/UOM/Semester7/FYP/NDVI_Camera/PickTea/HOME2_C1/VIVADO/lab2_home/lab2_home.srcs/sources_1/ip/AXI4Stream_RS232_0/hdl/AXI4Stream_RS232_v1_0.vhd:326]
	Parameter C_M_AXIS_TDATA_WIDTH bound to: 8 - type: integer 
INFO: [Synth 8-3491] module 'AXI4Stream_RS232_v1_0_M00_AXIS_RX' declared at 'f:/UOM/Semester7/FYP/NDVI_Camera/PickTea/HOME2_C1/VIVADO/lab2_home/lab2_home.srcs/sources_1/ip/AXI4Stream_RS232_0/hdl/AXI4Stream_RS232_v1_0_M00_AXIS_RX.vhd:40' bound to instance 'AXI4Stream_RS232_v1_0_M00_AXIS_RX_inst' of component 'AXI4Stream_RS232_v1_0_M00_AXIS_RX' [f:/UOM/Semester7/FYP/NDVI_Camera/PickTea/HOME2_C1/VIVADO/lab2_home/lab2_home.srcs/sources_1/ip/AXI4Stream_RS232_0/hdl/AXI4Stream_RS232_v1_0.vhd:367]
INFO: [Synth 8-638] synthesizing module 'AXI4Stream_RS232_v1_0_M00_AXIS_RX' [f:/UOM/Semester7/FYP/NDVI_Camera/PickTea/HOME2_C1/VIVADO/lab2_home/lab2_home.srcs/sources_1/ip/AXI4Stream_RS232_0/hdl/AXI4Stream_RS232_v1_0_M00_AXIS_RX.vhd:70]
	Parameter C_M_AXIS_TDATA_WIDTH bound to: 8 - type: integer 
INFO: [Synth 8-256] done synthesizing module 'AXI4Stream_RS232_v1_0_M00_AXIS_RX' (13#1) [f:/UOM/Semester7/FYP/NDVI_Camera/PickTea/HOME2_C1/VIVADO/lab2_home/lab2_home.srcs/sources_1/ip/AXI4Stream_RS232_0/hdl/AXI4Stream_RS232_v1_0_M00_AXIS_RX.vhd:70]
INFO: [Synth 8-5772] Detected attribute (* rw_addr_collision = "no" *) on RAM gen_wr_a.gen_word_narrow.mem_reg 
INFO: [Synth 8-5772] Detected attribute (* rw_addr_collision = "no" *) on RAM gen_wr_a.gen_word_narrow.mem_reg 
INFO: [Synth 8-256] done synthesizing module 'AXI4Stream_RS232_v1_0' (14#1) [f:/UOM/Semester7/FYP/NDVI_Camera/PickTea/HOME2_C1/VIVADO/lab2_home/lab2_home.srcs/sources_1/ip/AXI4Stream_RS232_0/hdl/AXI4Stream_RS232_v1_0.vhd:82]
INFO: [Synth 8-5772] Detected attribute (* rw_addr_collision = "no" *) on RAM gen_wr_a.gen_word_narrow.mem_reg 
INFO: [Synth 8-5772] Detected attribute (* rw_addr_collision = "no" *) on RAM gen_wr_a.gen_word_narrow.mem_reg 
INFO: [Synth 8-256] done synthesizing module 'AXI4Stream_RS232_0' (15#1) [f:/UOM/Semester7/FYP/NDVI_Camera/PickTea/HOME2_C1/VIVADO/lab2_home/lab2_home.srcs/sources_1/ip/AXI4Stream_RS232_0/synth/AXI4Stream_RS232_0.vhd:75]
WARNING: [Synth 8-3331] design AXI4Stream_RS232_v1_0_M00_AXIS_RX has unconnected port FIFO_DATA_almost_empty
WARNING: [Synth 8-3331] design xpm_memory_base has unconnected port sleep
WARNING: [Synth 8-3331] design xpm_memory_base has unconnected port rsta
WARNING: [Synth 8-3331] design xpm_memory_base has unconnected port regcea
WARNING: [Synth 8-3331] design xpm_memory_base has unconnected port injectsbiterra
WARNING: [Synth 8-3331] design xpm_memory_base has unconnected port injectdbiterra
WARNING: [Synth 8-3331] design xpm_memory_base has unconnected port dinb[7]
WARNING: [Synth 8-3331] design xpm_memory_base has unconnected port dinb[6]
WARNING: [Synth 8-3331] design xpm_memory_base has unconnected port dinb[5]
WARNING: [Synth 8-3331] design xpm_memory_base has unconnected port dinb[4]
WARNING: [Synth 8-3331] design xpm_memory_base has unconnected port dinb[3]
WARNING: [Synth 8-3331] design xpm_memory_base has unconnected port dinb[2]
WARNING: [Synth 8-3331] design xpm_memory_base has unconnected port dinb[1]
WARNING: [Synth 8-3331] design xpm_memory_base has unconnected port dinb[0]
WARNING: [Synth 8-3331] design xpm_memory_base has unconnected port injectsbiterrb
WARNING: [Synth 8-3331] design xpm_memory_base has unconnected port injectdbiterrb
WARNING: [Synth 8-3331] design RS232_Manager has unconnected port FIFO_DATA_RX_full
WARNING: [Synth 8-3331] design RS232_Manager has unconnected port FIFO_DATA_RX_almost_full
WARNING: [Synth 8-3331] design RS232_Manager has unconnected port FIFO_DATA_TX_almost_empty
WARNING: [Synth 8-3331] design AXI4Stream_RS232_v1_0_S00_AXIS_TX has unconnected port FIFO_DATA_full
---------------------------------------------------------------------------------
Finished RTL Elaboration : Time (s): cpu = 00:00:08 ; elapsed = 00:00:13 . Memory (MB): peak = 876.684 ; gain = 247.906
---------------------------------------------------------------------------------

Report Check Netlist: 
+------+------------------+-------+---------+-------+------------------+
|      |Item              |Errors |Warnings |Status |Description       |
+------+------------------+-------+---------+-------+------------------+
|1     |multi_driven_nets |      0|        0|Passed |Multi driven nets |
+------+------------------+-------+---------+-------+------------------+
---------------------------------------------------------------------------------
Start Handling Custom Attributes
---------------------------------------------------------------------------------
---------------------------------------------------------------------------------
Finished Handling Custom Attributes : Time (s): cpu = 00:00:09 ; elapsed = 00:00:14 . Memory (MB): peak = 876.684 ; gain = 247.906
---------------------------------------------------------------------------------
---------------------------------------------------------------------------------
Finished RTL Optimization Phase 1 : Time (s): cpu = 00:00:09 ; elapsed = 00:00:14 . Memory (MB): peak = 876.684 ; gain = 247.906
---------------------------------------------------------------------------------
INFO: [Project 1-570] Preparing netlist for logic optimization

Processing XDC Constraints
Initializing timing engine
Parsing XDC File [f:/UOM/Semester7/FYP/NDVI_Camera/PickTea/HOME2_C1/VIVADO/lab2_home/lab2_home.srcs/sources_1/ip/AXI4Stream_RS232_0/AXI4Stream_RS232_0_board.xdc] for cell 'U0'
Finished Parsing XDC File [f:/UOM/Semester7/FYP/NDVI_Camera/PickTea/HOME2_C1/VIVADO/lab2_home/lab2_home.srcs/sources_1/ip/AXI4Stream_RS232_0/AXI4Stream_RS232_0_board.xdc] for cell 'U0'
Parsing XDC File [F:/UOM/Semester7/FYP/NDVI_Camera/PickTea/HOME2_C1/VIVADO/lab2_home/lab2_home.runs/AXI4Stream_RS232_0_synth_1/dont_touch.xdc]
Finished Parsing XDC File [F:/UOM/Semester7/FYP/NDVI_Camera/PickTea/HOME2_C1/VIVADO/lab2_home/lab2_home.runs/AXI4Stream_RS232_0_synth_1/dont_touch.xdc]
Sourcing Tcl File [E:/Software/Vivado/2019.1/data/ip/xpm/xpm_cdc/tcl/xpm_cdc_gray.tcl] for cell 'U0/FIFO_DATA_RX/gnuram_async_fifo.xpm_fifo_base_inst/gen_cdc_pntr.rd_pntr_cdc_inst'
Finished Sourcing Tcl File [E:/Software/Vivado/2019.1/data/ip/xpm/xpm_cdc/tcl/xpm_cdc_gray.tcl] for cell 'U0/FIFO_DATA_RX/gnuram_async_fifo.xpm_fifo_base_inst/gen_cdc_pntr.rd_pntr_cdc_inst'
Sourcing Tcl File [E:/Software/Vivado/2019.1/data/ip/xpm/xpm_cdc/tcl/xpm_cdc_gray.tcl] for cell 'U0/FIFO_DATA_RX/gnuram_async_fifo.xpm_fifo_base_inst/gen_cdc_pntr.wr_pntr_cdc_inst'
Finished Sourcing Tcl File [E:/Software/Vivado/2019.1/data/ip/xpm/xpm_cdc/tcl/xpm_cdc_gray.tcl] for cell 'U0/FIFO_DATA_RX/gnuram_async_fifo.xpm_fifo_base_inst/gen_cdc_pntr.wr_pntr_cdc_inst'
Sourcing Tcl File [E:/Software/Vivado/2019.1/data/ip/xpm/xpm_cdc/tcl/xpm_cdc_gray.tcl] for cell 'U0/FIFO_DATA_TX/gnuram_async_fifo.xpm_fifo_base_inst/gen_cdc_pntr.rd_pntr_cdc_inst'
Finished Sourcing Tcl File [E:/Software/Vivado/2019.1/data/ip/xpm/xpm_cdc/tcl/xpm_cdc_gray.tcl] for cell 'U0/FIFO_DATA_TX/gnuram_async_fifo.xpm_fifo_base_inst/gen_cdc_pntr.rd_pntr_cdc_inst'
Sourcing Tcl File [E:/Software/Vivado/2019.1/data/ip/xpm/xpm_cdc/tcl/xpm_cdc_gray.tcl] for cell 'U0/FIFO_DATA_TX/gnuram_async_fifo.xpm_fifo_base_inst/gen_cdc_pntr.wr_pntr_cdc_inst'
Finished Sourcing Tcl File [E:/Software/Vivado/2019.1/data/ip/xpm/xpm_cdc/tcl/xpm_cdc_gray.tcl] for cell 'U0/FIFO_DATA_TX/gnuram_async_fifo.xpm_fifo_base_inst/gen_cdc_pntr.wr_pntr_cdc_inst'
Sourcing Tcl File [E:/Software/Vivado/2019.1/data/ip/xpm/xpm_cdc/tcl/xpm_cdc_gray.tcl] for cell 'U0/FIFO_DATA_RX/gnuram_async_fifo.xpm_fifo_base_inst/gen_cdc_pntr.wr_pntr_cdc_dc_inst'
Finished Sourcing Tcl File [E:/Software/Vivado/2019.1/data/ip/xpm/xpm_cdc/tcl/xpm_cdc_gray.tcl] for cell 'U0/FIFO_DATA_RX/gnuram_async_fifo.xpm_fifo_base_inst/gen_cdc_pntr.wr_pntr_cdc_dc_inst'
Sourcing Tcl File [E:/Software/Vivado/2019.1/data/ip/xpm/xpm_cdc/tcl/xpm_cdc_gray.tcl] for cell 'U0/FIFO_DATA_TX/gnuram_async_fifo.xpm_fifo_base_inst/gen_cdc_pntr.wr_pntr_cdc_dc_inst'
Finished Sourcing Tcl File [E:/Software/Vivado/2019.1/data/ip/xpm/xpm_cdc/tcl/xpm_cdc_gray.tcl] for cell 'U0/FIFO_DATA_TX/gnuram_async_fifo.xpm_fifo_base_inst/gen_cdc_pntr.wr_pntr_cdc_dc_inst'
Sourcing Tcl File [E:/Software/Vivado/2019.1/data/ip/xpm/xpm_cdc/tcl/xpm_cdc_gray.tcl] for cell 'U0/FIFO_DATA_RX/gnuram_async_fifo.xpm_fifo_base_inst/gen_cdc_pntr.rd_pntr_cdc_dc_inst'
Finished Sourcing Tcl File [E:/Software/Vivado/2019.1/data/ip/xpm/xpm_cdc/tcl/xpm_cdc_gray.tcl] for cell 'U0/FIFO_DATA_RX/gnuram_async_fifo.xpm_fifo_base_inst/gen_cdc_pntr.rd_pntr_cdc_dc_inst'
Sourcing Tcl File [E:/Software/Vivado/2019.1/data/ip/xpm/xpm_cdc/tcl/xpm_cdc_gray.tcl] for cell 'U0/FIFO_DATA_TX/gnuram_async_fifo.xpm_fifo_base_inst/gen_cdc_pntr.rd_pntr_cdc_dc_inst'
Finished Sourcing Tcl File [E:/Software/Vivado/2019.1/data/ip/xpm/xpm_cdc/tcl/xpm_cdc_gray.tcl] for cell 'U0/FIFO_DATA_TX/gnuram_async_fifo.xpm_fifo_base_inst/gen_cdc_pntr.rd_pntr_cdc_dc_inst'
INFO: [Project 1-236] Implementation specific constraints were found while reading constraint file [E:/Software/Vivado/2019.1/data/ip/xpm/xpm_cdc/tcl/xpm_cdc_gray.tcl]. These constraints will be ignored for synthesis but will be used in implementation. Impacted constraints are listed in the file [.Xil/AXI4Stream_RS232_0_propImpl.xdc].
Resolution: To avoid this warning, move constraints listed in [.Xil/AXI4Stream_RS232_0_propImpl.xdc] to another XDC file and exclude this new file from synthesis with the used_in_synthesis property (File Properties dialog in GUI) and re-run elaboration/synthesis.
Sourcing Tcl File [E:/Software/Vivado/2019.1/data/ip/xpm/xpm_cdc/tcl/xpm_cdc_sync_rst.tcl] for cell 'U0/FIFO_DATA_RX/gnuram_async_fifo.xpm_fifo_base_inst/xpm_fifo_rst_inst/gen_rst_ic.rrst_wr_inst'
Finished Sourcing Tcl File [E:/Software/Vivado/2019.1/data/ip/xpm/xpm_cdc/tcl/xpm_cdc_sync_rst.tcl] for cell 'U0/FIFO_DATA_RX/gnuram_async_fifo.xpm_fifo_base_inst/xpm_fifo_rst_inst/gen_rst_ic.rrst_wr_inst'
Sourcing Tcl File [E:/Software/Vivado/2019.1/data/ip/xpm/xpm_cdc/tcl/xpm_cdc_sync_rst.tcl] for cell 'U0/FIFO_DATA_RX/gnuram_async_fifo.xpm_fifo_base_inst/xpm_fifo_rst_inst/gen_rst_ic.wrst_rd_inst'
Finished Sourcing Tcl File [E:/Software/Vivado/2019.1/data/ip/xpm/xpm_cdc/tcl/xpm_cdc_sync_rst.tcl] for cell 'U0/FIFO_DATA_RX/gnuram_async_fifo.xpm_fifo_base_inst/xpm_fifo_rst_inst/gen_rst_ic.wrst_rd_inst'
Sourcing Tcl File [E:/Software/Vivado/2019.1/data/ip/xpm/xpm_cdc/tcl/xpm_cdc_sync_rst.tcl] for cell 'U0/FIFO_DATA_TX/gnuram_async_fifo.xpm_fifo_base_inst/xpm_fifo_rst_inst/gen_rst_ic.rrst_wr_inst'
Finished Sourcing Tcl File [E:/Software/Vivado/2019.1/data/ip/xpm/xpm_cdc/tcl/xpm_cdc_sync_rst.tcl] for cell 'U0/FIFO_DATA_TX/gnuram_async_fifo.xpm_fifo_base_inst/xpm_fifo_rst_inst/gen_rst_ic.rrst_wr_inst'
Sourcing Tcl File [E:/Software/Vivado/2019.1/data/ip/xpm/xpm_cdc/tcl/xpm_cdc_sync_rst.tcl] for cell 'U0/FIFO_DATA_TX/gnuram_async_fifo.xpm_fifo_base_inst/xpm_fifo_rst_inst/gen_rst_ic.wrst_rd_inst'
Finished Sourcing Tcl File [E:/Software/Vivado/2019.1/data/ip/xpm/xpm_cdc/tcl/xpm_cdc_sync_rst.tcl] for cell 'U0/FIFO_DATA_TX/gnuram_async_fifo.xpm_fifo_base_inst/xpm_fifo_rst_inst/gen_rst_ic.wrst_rd_inst'
Sourcing Tcl File [E:/Software/Vivado/2019.1/data/ip/xpm/xpm_fifo/tcl/xpm_fifo_rst.tcl] for cell 'U0/FIFO_DATA_RX'
Finished Sourcing Tcl File [E:/Software/Vivado/2019.1/data/ip/xpm/xpm_fifo/tcl/xpm_fifo_rst.tcl] for cell 'U0/FIFO_DATA_RX'
Sourcing Tcl File [E:/Software/Vivado/2019.1/data/ip/xpm/xpm_fifo/tcl/xpm_fifo_rst.tcl] for cell 'U0/FIFO_DATA_TX'
Finished Sourcing Tcl File [E:/Software/Vivado/2019.1/data/ip/xpm/xpm_fifo/tcl/xpm_fifo_rst.tcl] for cell 'U0/FIFO_DATA_TX'
INFO: [Project 1-236] Implementation specific constraints were found while reading constraint file [E:/Software/Vivado/2019.1/data/ip/xpm/xpm_fifo/tcl/xpm_fifo_rst.tcl]. These constraints will be ignored for synthesis but will be used in implementation. Impacted constraints are listed in the file [.Xil/AXI4Stream_RS232_0_propImpl.xdc].
Resolution: To avoid this warning, move constraints listed in [.Xil/AXI4Stream_RS232_0_propImpl.xdc] to another XDC file and exclude this new file from synthesis with the used_in_synthesis property (File Properties dialog in GUI) and re-run elaboration/synthesis.
Completed Processing XDC Constraints

Netlist sorting complete. Time (s): cpu = 00:00:00 ; elapsed = 00:00:00.001 . Memory (MB): peak = 991.836 ; gain = 0.000
INFO: [Project 1-111] Unisim Transformation Summary:
No Unisim elements were transformed.

Constraint Validation Runtime : Time (s): cpu = 00:00:00 ; elapsed = 00:00:00.123 . Memory (MB): peak = 996.938 ; gain = 5.102
---------------------------------------------------------------------------------
Finished Constraint Validation : Time (s): cpu = 00:00:19 ; elapsed = 00:00:32 . Memory (MB): peak = 996.938 ; gain = 368.160
---------------------------------------------------------------------------------
---------------------------------------------------------------------------------
Start Loading Part and Timing Information
---------------------------------------------------------------------------------
Loading part: xc7a35tcpg236-1
---------------------------------------------------------------------------------
Finished Loading Part and Timing Information : Time (s): cpu = 00:00:19 ; elapsed = 00:00:32 . Memory (MB): peak = 996.938 ; gain = 368.160
---------------------------------------------------------------------------------
---------------------------------------------------------------------------------
Start Applying 'set_property' XDC Constraints
---------------------------------------------------------------------------------
Applied set_property DONT_TOUCH = true for U0. (constraint file  F:/UOM/Semester7/FYP/NDVI_Camera/PickTea/HOME2_C1/VIVADO/lab2_home/lab2_home.runs/AXI4Stream_RS232_0_synth_1/dont_touch.xdc, line 9).
Applied set_property DONT_TOUCH = true for U0/FIFO_DATA_TX/\gnuram_async_fifo.xpm_fifo_base_inst /\gen_cdc_pntr.rd_pntr_cdc_inst . (constraint file  auto generated constraint, line ).
Applied set_property DONT_TOUCH = true for U0/FIFO_DATA_RX/\gnuram_async_fifo.xpm_fifo_base_inst /\gen_cdc_pntr.rd_pntr_cdc_inst . (constraint file  auto generated constraint, line ).
Applied set_property DONT_TOUCH = true for U0/FIFO_DATA_TX/\gnuram_async_fifo.xpm_fifo_base_inst /\gen_cdc_pntr.wr_pntr_cdc_inst . (constraint file  auto generated constraint, line ).
Applied set_property DONT_TOUCH = true for U0/FIFO_DATA_RX/\gnuram_async_fifo.xpm_fifo_base_inst /\gen_cdc_pntr.wr_pntr_cdc_inst . (constraint file  auto generated constraint, line ).
Applied set_property DONT_TOUCH = true for U0/FIFO_DATA_TX/\gnuram_async_fifo.xpm_fifo_base_inst /\gen_cdc_pntr.rd_pntr_cdc_dc_inst . (constraint file  auto generated constraint, line ).
Applied set_property DONT_TOUCH = true for U0/FIFO_DATA_RX/\gnuram_async_fifo.xpm_fifo_base_inst /\gen_cdc_pntr.rd_pntr_cdc_dc_inst . (constraint file  auto generated constraint, line ).
Applied set_property DONT_TOUCH = true for U0/FIFO_DATA_TX/\gnuram_async_fifo.xpm_fifo_base_inst /\gen_cdc_pntr.wr_pntr_cdc_dc_inst . (constraint file  auto generated constraint, line ).
Applied set_property DONT_TOUCH = true for U0/FIFO_DATA_RX/\gnuram_async_fifo.xpm_fifo_base_inst /\gen_cdc_pntr.wr_pntr_cdc_dc_inst . (constraint file  auto generated constraint, line ).
Applied set_property DONT_TOUCH = true for U0/FIFO_DATA_TX/\gnuram_async_fifo.xpm_fifo_base_inst /xpm_fifo_rst_inst/\gen_rst_ic.rrst_wr_inst . (constraint file  auto generated constraint, line ).
Applied set_property DONT_TOUCH = true for U0/FIFO_DATA_RX/\gnuram_async_fifo.xpm_fifo_base_inst /xpm_fifo_rst_inst/\gen_rst_ic.rrst_wr_inst . (constraint file  auto generated constraint, line ).
Applied set_property DONT_TOUCH = true for U0/FIFO_DATA_TX/\gnuram_async_fifo.xpm_fifo_base_inst /xpm_fifo_rst_inst/\gen_rst_ic.wrst_rd_inst . (constraint file  auto generated constraint, line ).
Applied set_property DONT_TOUCH = true for U0/FIFO_DATA_RX/\gnuram_async_fifo.xpm_fifo_base_inst /xpm_fifo_rst_inst/\gen_rst_ic.wrst_rd_inst . (constraint file  auto generated constraint, line ).
Applied set_property DONT_TOUCH = true for U0/FIFO_DATA_TX. (constraint file  auto generated constraint, line ).
Applied set_property DONT_TOUCH = true for U0/FIFO_DATA_RX. (constraint file  auto generated constraint, line ).
---------------------------------------------------------------------------------
Finished applying 'set_property' XDC Constraints : Time (s): cpu = 00:00:19 ; elapsed = 00:00:33 . Memory (MB): peak = 996.938 ; gain = 368.160
---------------------------------------------------------------------------------
INFO: [Synth 8-802] inferred FSM for state register 'gen_rst_ic.curr_wrst_state_reg' in module 'xpm_fifo_rst__xdcDup__1'
INFO: [Synth 8-802] inferred FSM for state register 'gen_rst_ic.curr_rrst_state_reg' in module 'xpm_fifo_rst__xdcDup__1'
INFO: [Synth 8-802] inferred FSM for state register 'gen_fwft.curr_fwft_state_reg' in module 'xpm_fifo_base__xdcDup__1'
INFO: [Synth 8-802] inferred FSM for state register 'uart_rx_state_reg' in module 'UART_Engine'
INFO: [Synth 8-802] inferred FSM for state register 'uart_tx_state_reg' in module 'UART_Engine'
INFO: [Synth 8-802] inferred FSM for state register 'state_TX_reg' in module 'RS232_Manager'
INFO: [Synth 8-5546] ROM "state_TX" won't be mapped to RAM because it is too sparse
INFO: [Synth 8-802] inferred FSM for state register 'gen_rst_ic.curr_wrst_state_reg' in module 'xpm_fifo_rst'
INFO: [Synth 8-802] inferred FSM for state register 'gen_rst_ic.curr_rrst_state_reg' in module 'xpm_fifo_rst'
INFO: [Synth 8-802] inferred FSM for state register 'gen_fwft.curr_fwft_state_reg' in module 'xpm_fifo_base'
INFO: [Synth 8-5775] Found 'rw_addr_collision' attribute set to 'no' on SDP RAM gen_wr_a.gen_word_narrow.mem_reg. Setting write mode to NO_CHANGE 
---------------------------------------------------------------------------------------------------
                   State |                     New Encoding |                Previous Encoding 
---------------------------------------------------------------------------------------------------
*
               WRST_IDLE |                            00001 |                              000
                 WRST_IN |                            00010 |                              010
                WRST_OUT |                            00100 |                              111
               WRST_EXIT |                            01000 |                              110
            WRST_GO2IDLE |                            10000 |                              100
---------------------------------------------------------------------------------------------------
INFO: [Synth 8-3354] encoded FSM with state register 'gen_rst_ic.curr_wrst_state_reg' using encoding 'one-hot' in module 'xpm_fifo_rst__xdcDup__1'
---------------------------------------------------------------------------------------------------
                   State |                     New Encoding |                Previous Encoding 
---------------------------------------------------------------------------------------------------
*
               RRST_IDLE |                               00 |                               00
                 RRST_IN |                               01 |                               10
                RRST_OUT |                               10 |                               11
               RRST_EXIT |                               11 |                               01
---------------------------------------------------------------------------------------------------
INFO: [Synth 8-3354] encoded FSM with state register 'gen_rst_ic.curr_rrst_state_reg' using encoding 'sequential' in module 'xpm_fifo_rst__xdcDup__1'
---------------------------------------------------------------------------------------------------
                   State |                     New Encoding |                Previous Encoding 
---------------------------------------------------------------------------------------------------
                 invalid |                               00 |                               00
            stage1_valid |                               01 |                               10
       both_stages_valid |                               10 |                               11
            stage2_valid |                               11 |                               01
---------------------------------------------------------------------------------------------------
INFO: [Synth 8-3354] encoded FSM with state register 'gen_fwft.curr_fwft_state_reg' using encoding 'sequential' in module 'xpm_fifo_base__xdcDup__1'
---------------------------------------------------------------------------------------------------
                   State |                     New Encoding |                Previous Encoding 
---------------------------------------------------------------------------------------------------
       tx_send_start_bit |                              001 |                               00
            tx_send_data |                              010 |                               01
        tx_send_stop_bit |                              100 |                               10
---------------------------------------------------------------------------------------------------
INFO: [Synth 8-3354] encoded FSM with state register 'uart_tx_state_reg' using encoding 'one-hot' in module 'UART_Engine'
---------------------------------------------------------------------------------------------------
                   State |                     New Encoding |                Previous Encoding 
---------------------------------------------------------------------------------------------------
        rx_get_start_bit |                              001 |                               00
             rx_get_data |                              010 |                               01
         rx_get_stop_bit |                              100 |                               10
---------------------------------------------------------------------------------------------------
INFO: [Synth 8-3354] encoded FSM with state register 'uart_rx_state_reg' using encoding 'one-hot' in module 'UART_Engine'
---------------------------------------------------------------------------------------------------
                   State |                     New Encoding |                Previous Encoding 
---------------------------------------------------------------------------------------------------
                  iSTATE |                               00 |                         11111111
                 iSTATE0 |                               01 |                         00000000
                 iSTATE1 |                               10 |                         00000001
                 iSTATE2 |                               11 |                         00000010
---------------------------------------------------------------------------------------------------
INFO: [Synth 8-3354] encoded FSM with state register 'state_TX_reg' using encoding 'sequential' in module 'RS232_Manager'
---------------------------------------------------------------------------------------------------
                   State |                     New Encoding |                Previous Encoding 
---------------------------------------------------------------------------------------------------
*
               WRST_IDLE |                            00001 |                              000
                 WRST_IN |                            00010 |                              010
                WRST_OUT |                            00100 |                              111
               WRST_EXIT |                            01000 |                              110
            WRST_GO2IDLE |                            10000 |                              100
---------------------------------------------------------------------------------------------------
INFO: [Synth 8-3354] encoded FSM with state register 'gen_rst_ic.curr_wrst_state_reg' using encoding 'one-hot' in module 'xpm_fifo_rst'
---------------------------------------------------------------------------------------------------
                   State |                     New Encoding |                Previous Encoding 
---------------------------------------------------------------------------------------------------
*
               RRST_IDLE |                               00 |                               00
                 RRST_IN |                               01 |                               10
                RRST_OUT |                               10 |                               11
               RRST_EXIT |                               11 |                               01
---------------------------------------------------------------------------------------------------
INFO: [Synth 8-3354] encoded FSM with state register 'gen_rst_ic.curr_rrst_state_reg' using encoding 'sequential' in module 'xpm_fifo_rst'
---------------------------------------------------------------------------------------------------
                   State |                     New Encoding |                Previous Encoding 
---------------------------------------------------------------------------------------------------
                 invalid |                               00 |                               00
            stage1_valid |                               01 |                               10
       both_stages_valid |                               10 |                               11
            stage2_valid |                               11 |                               01
---------------------------------------------------------------------------------------------------
INFO: [Synth 8-3354] encoded FSM with state register 'gen_fwft.curr_fwft_state_reg' using encoding 'sequential' in module 'xpm_fifo_base'
---------------------------------------------------------------------------------
Finished RTL Optimization Phase 2 : Time (s): cpu = 00:00:21 ; elapsed = 00:00:35 . Memory (MB): peak = 996.938 ; gain = 368.160
---------------------------------------------------------------------------------

Report RTL Partitions: 
+-+--------------+------------+----------+
| |RTL Partition |Replication |Instances |
+-+--------------+------------+----------+
+-+--------------+------------+----------+
---------------------------------------------------------------------------------
Start RTL Component Statistics 
---------------------------------------------------------------------------------
Detailed RTL Component Info : 
+---Adders : 
	   4 Input     12 Bit       Adders := 4     
	   2 Input     12 Bit       Adders := 4     
	   4 Input     11 Bit       Adders := 10    
	   2 Input     11 Bit       Adders := 1     
	   2 Input      7 Bit       Adders := 1     
	   2 Input      4 Bit       Adders := 1     
	   2 Input      3 Bit       Adders := 2     
	   4 Input      2 Bit       Adders := 2     
	   2 Input      2 Bit       Adders := 1     
+---XORs : 
	   2 Input     12 Bit         XORs := 4     
	   2 Input     11 Bit         XORs := 4     
	   2 Input      1 Bit         XORs := 84    
+---Registers : 
	               12 Bit    Registers := 24    
	               11 Bit    Registers := 27    
	                8 Bit    Registers := 8     
	                7 Bit    Registers := 1     
	                4 Bit    Registers := 1     
	                3 Bit    Registers := 2     
	                2 Bit    Registers := 10    
	                1 Bit    Registers := 41    
+---RAMs : 
	              16K Bit         RAMs := 2     
+---Muxes : 
	   2 Input     11 Bit        Muxes := 1     
	   3 Input      8 Bit        Muxes := 2     
	   4 Input      8 Bit        Muxes := 1     
	   6 Input      5 Bit        Muxes := 2     
	   2 Input      5 Bit        Muxes := 16    
	   2 Input      4 Bit        Muxes := 1     
	   2 Input      3 Bit        Muxes := 2     
	   3 Input      3 Bit        Muxes := 1     
	   5 Input      2 Bit        Muxes := 2     
	   2 Input      2 Bit        Muxes := 67    
	   4 Input      2 Bit        Muxes := 15    
	   2 Input      1 Bit        Muxes := 20    
	   6 Input      1 Bit        Muxes := 4     
	   5 Input      1 Bit        Muxes := 6     
	   4 Input      1 Bit        Muxes := 9     
	   3 Input      1 Bit        Muxes := 11    
---------------------------------------------------------------------------------
Finished RTL Component Statistics 
---------------------------------------------------------------------------------
---------------------------------------------------------------------------------
Start RTL Hierarchical Component Statistics 
---------------------------------------------------------------------------------
Hierarchical RTL Component report 
Module xpm_counter_updn 
Detailed RTL Component Info : 
+---Adders : 
	   4 Input     11 Bit       Adders := 1     
+---Registers : 
	               11 Bit    Registers := 1     
Module xpm_counter_updn__parameterized0 
Detailed RTL Component Info : 
+---Adders : 
	   4 Input     11 Bit       Adders := 1     
+---Registers : 
	               11 Bit    Registers := 1     
Module xpm_memory_base 
Detailed RTL Component Info : 
+---Registers : 
	                8 Bit    Registers := 2     
+---RAMs : 
	              16K Bit         RAMs := 1     
Module xpm_cdc_gray 
Detailed RTL Component Info : 
+---XORs : 
	   2 Input     11 Bit         XORs := 1     
	   2 Input      1 Bit         XORs := 10    
+---Registers : 
	               11 Bit    Registers := 3     
Module xpm_fifo_reg_vec 
Detailed RTL Component Info : 
+---Registers : 
	               11 Bit    Registers := 1     
Module xpm_cdc_gray__parameterized0 
Detailed RTL Component Info : 
+---XORs : 
	   2 Input     12 Bit         XORs := 1     
	   2 Input      1 Bit         XORs := 11    
+---Registers : 
	               12 Bit    Registers := 5     
Module xpm_fifo_reg_vec__parameterized0 
Detailed RTL Component Info : 
+---Registers : 
	               12 Bit    Registers := 1     
Module xpm_cdc_gray__parameterized1 
Detailed RTL Component Info : 
+---XORs : 
	   2 Input     12 Bit         XORs := 1     
	   2 Input      1 Bit         XORs := 11    
+---Registers : 
	               12 Bit    Registers := 3     
Module xpm_fifo_reg_bit 
Detailed RTL Component Info : 
+---Registers : 
	                1 Bit    Registers := 1     
Module xpm_counter_updn__parameterized1 
Detailed RTL Component Info : 
+---Adders : 
	   4 Input      2 Bit       Adders := 1     
+---Registers : 
	                2 Bit    Registers := 1     
Module xpm_cdc_sync_rst 
Detailed RTL Component Info : 
+---Registers : 
	                2 Bit    Registers := 1     
Module xpm_fifo_rst__xdcDup__1 
Detailed RTL Component Info : 
+---Registers : 
	                2 Bit    Registers := 1     
	                1 Bit    Registers := 4     
+---Muxes : 
	   6 Input      5 Bit        Muxes := 1     
	   2 Input      5 Bit        Muxes := 8     
	   5 Input      2 Bit        Muxes := 1     
	   2 Input      2 Bit        Muxes := 2     
	   2 Input      1 Bit        Muxes := 1     
	   6 Input      1 Bit        Muxes := 2     
	   5 Input      1 Bit        Muxes := 3     
Module xpm_counter_updn__parameterized2 
Detailed RTL Component Info : 
+---Adders : 
	   4 Input     12 Bit       Adders := 1     
+---Registers : 
	               12 Bit    Registers := 1     
Module xpm_counter_updn__parameterized3 
Detailed RTL Component Info : 
+---Adders : 
	   4 Input     11 Bit       Adders := 1     
+---Registers : 
	               11 Bit    Registers := 1     
Module xpm_fifo_base__xdcDup__1 
Detailed RTL Component Info : 
+---Adders : 
	   2 Input     12 Bit       Adders := 2     
+---Registers : 
	                1 Bit    Registers := 6     
+---Muxes : 
	   2 Input      2 Bit        Muxes := 31    
	   4 Input      2 Bit        Muxes := 7     
	   2 Input      1 Bit        Muxes := 6     
	   4 Input      1 Bit        Muxes := 2     
	   3 Input      1 Bit        Muxes := 1     
Module UART_Engine 
Detailed RTL Component Info : 
+---Adders : 
	   2 Input     11 Bit       Adders := 1     
	   2 Input      7 Bit       Adders := 1     
	   2 Input      4 Bit       Adders := 1     
	   2 Input      3 Bit       Adders := 2     
	   2 Input      2 Bit       Adders := 1     
+---Registers : 
	               11 Bit    Registers := 1     
	                8 Bit    Registers := 2     
	                7 Bit    Registers := 1     
	                4 Bit    Registers := 1     
	                3 Bit    Registers := 2     
	                2 Bit    Registers := 2     
	                1 Bit    Registers := 8     
+---Muxes : 
	   2 Input     11 Bit        Muxes := 1     
	   3 Input      8 Bit        Muxes := 2     
	   2 Input      4 Bit        Muxes := 1     
	   2 Input      3 Bit        Muxes := 2     
	   3 Input      3 Bit        Muxes := 1     
	   2 Input      2 Bit        Muxes := 1     
	   3 Input      1 Bit        Muxes := 9     
	   2 Input      1 Bit        Muxes := 6     
Module RS232_Manager 
Detailed RTL Component Info : 
+---Registers : 
	                8 Bit    Registers := 2     
	                1 Bit    Registers := 3     
+---Muxes : 
	   4 Input      8 Bit        Muxes := 1     
	   4 Input      2 Bit        Muxes := 1     
	   4 Input      1 Bit        Muxes := 5     
Module xpm_fifo_rst 
Detailed RTL Component Info : 
+---Registers : 
	                2 Bit    Registers := 1     
	                1 Bit    Registers := 4     
+---Muxes : 
	   6 Input      5 Bit        Muxes := 1     
	   2 Input      5 Bit        Muxes := 8     
	   5 Input      2 Bit        Muxes := 1     
	   2 Input      2 Bit        Muxes := 2     
	   2 Input      1 Bit        Muxes := 1     
	   6 Input      1 Bit        Muxes := 2     
	   5 Input      1 Bit        Muxes := 3     
Module xpm_fifo_base 
Detailed RTL Component Info : 
+---Adders : 
	   2 Input     12 Bit       Adders := 2     
+---Registers : 
	                1 Bit    Registers := 6     
+---Muxes : 
	   2 Input      2 Bit        Muxes := 31    
	   4 Input      2 Bit        Muxes := 7     
	   2 Input      1 Bit        Muxes := 6     
	   4 Input      1 Bit        Muxes := 2     
	   3 Input      1 Bit        Muxes := 1     
---------------------------------------------------------------------------------
Finished RTL Hierarchical Component Statistics
---------------------------------------------------------------------------------
---------------------------------------------------------------------------------
Start Part Resource Summary
---------------------------------------------------------------------------------
Part Resources:
DSPs: 90 (col length:60)
BRAMs: 100 (col length: RAMB18 60 RAMB36 30)
---------------------------------------------------------------------------------
Finished Part Resource Summary
---------------------------------------------------------------------------------
---------------------------------------------------------------------------------
Start Cross Boundary and Area Optimization
---------------------------------------------------------------------------------
Warning: Parallel synthesis criteria is not met 
WARNING: [Synth 8-3331] design xpm_memory_base has unconnected port rsta
WARNING: [Synth 8-3331] design xpm_memory_base has unconnected port regcea
WARNING: [Synth 8-3331] design xpm_memory_base has unconnected port injectsbiterra
WARNING: [Synth 8-3331] design xpm_memory_base has unconnected port injectdbiterra
WARNING: [Synth 8-3331] design xpm_memory_base has unconnected port dinb[7]
WARNING: [Synth 8-3331] design xpm_memory_base has unconnected port dinb[6]
WARNING: [Synth 8-3331] design xpm_memory_base has unconnected port dinb[5]
WARNING: [Synth 8-3331] design xpm_memory_base has unconnected port dinb[4]
WARNING: [Synth 8-3331] design xpm_memory_base has unconnected port dinb[3]
WARNING: [Synth 8-3331] design xpm_memory_base has unconnected port dinb[2]
WARNING: [Synth 8-3331] design xpm_memory_base has unconnected port dinb[1]
WARNING: [Synth 8-3331] design xpm_memory_base has unconnected port dinb[0]
WARNING: [Synth 8-3331] design xpm_memory_base has unconnected port injectsbiterrb
WARNING: [Synth 8-3331] design xpm_memory_base has unconnected port injectdbiterrb
INFO: [Synth 8-5775] Found 'rw_addr_collision' attribute set to 'no' on SDP RAM gen_wr_a.gen_word_narrow.mem_reg. Setting write mode to NO_CHANGE 
INFO: [Synth 8-5775] Found 'rw_addr_collision' attribute set to 'no' on SDP RAM gen_wr_a.gen_word_narrow.mem_reg. Setting write mode to NO_CHANGE 
INFO: [Synth 8-5775] Found 'rw_addr_collision' attribute set to 'no' on SDP RAM gen_wr_a.gen_word_narrow.mem_reg. Setting write mode to NO_CHANGE 
INFO: [Synth 8-5775] Found 'rw_addr_collision' attribute set to 'no' on SDP RAM gen_wr_a.gen_word_narrow.mem_reg. Setting write mode to NO_CHANGE 
INFO: [Synth 8-5775] Found 'rw_addr_collision' attribute set to 'no' on SDP RAM gen_wr_a.gen_word_narrow.mem_reg. Setting write mode to NO_CHANGE 
INFO: [Synth 8-5775] Found 'rw_addr_collision' attribute set to 'no' on SDP RAM gen_wr_a.gen_word_narrow.mem_reg. Setting write mode to NO_CHANGE 
INFO: [Synth 8-5775] Found 'rw_addr_collision' attribute set to 'no' on SDP RAM gen_wr_a.gen_word_narrow.mem_reg. Setting write mode to NO_CHANGE 
---------------------------------------------------------------------------------
Finished Cross Boundary and Area Optimization : Time (s): cpu = 00:00:25 ; elapsed = 00:00:41 . Memory (MB): peak = 996.938 ; gain = 368.160
---------------------------------------------------------------------------------
INFO: [Synth 8-5775] Found 'rw_addr_collision' attribute set to 'no' on SDP RAM gen_wr_a.gen_word_narrow.mem_reg. Setting write mode to NO_CHANGE 
INFO: [Synth 8-5775] Found 'rw_addr_collision' attribute set to 'no' on SDP RAM gen_wr_a.gen_word_narrow.mem_reg. Setting write mode to NO_CHANGE 
---------------------------------------------------------------------------------
Start ROM, RAM, DSP and Shift Register Reporting
---------------------------------------------------------------------------------

Block RAM: Preliminary Mapping  Report (see note below)
+-----------------+----------------------------------+------------------------+---+---+------------------------+---+---+------------------+--------+--------+
|Module Name      | RTL Object                       | PORT A (Depth x Width) | W | R | PORT B (Depth x Width) | W | R | Ports driving FF | RAMB18 | RAMB36 | 
+-----------------+----------------------------------+------------------------+---+---+------------------------+---+---+------------------+--------+--------+
|xpm_memory_base: | gen_wr_a.gen_word_narrow.mem_reg | 2 K x 8(NO_CHANGE)     | W |   | 2 K x 8(NO_CHANGE)     |   | R | Port A and B     | 1      | 0      | 
|xpm_memory_base: | gen_wr_a.gen_word_narrow.mem_reg | 2 K x 8(NO_CHANGE)     | W |   | 2 K x 8(NO_CHANGE)     |   | R | Port A and B     | 1      | 0      | 
+-----------------+----------------------------------+------------------------+---+---+------------------------+---+---+------------------+--------+--------+

Note: The table above is a preliminary report that shows the Block RAMs at the current stage of the synthesis flow. Some Block RAMs may be reimplemented as non Block RAM primitives later in the synthesis flow. Multiple instantiated Block RAMs are reported only once. 
---------------------------------------------------------------------------------
Finished ROM, RAM, DSP and Shift Register Reporting
---------------------------------------------------------------------------------

Report RTL Partitions: 
+-+--------------+------------+----------+
| |RTL Partition |Replication |Instances |
+-+--------------+------------+----------+
+-+--------------+------------+----------+
---------------------------------------------------------------------------------
Start Applying XDC Timing Constraints
---------------------------------------------------------------------------------
---------------------------------------------------------------------------------
Finished Applying XDC Timing Constraints : Time (s): cpu = 00:00:39 ; elapsed = 00:00:55 . Memory (MB): peak = 996.938 ; gain = 368.160
---------------------------------------------------------------------------------
---------------------------------------------------------------------------------
Start Timing Optimization
---------------------------------------------------------------------------------
INFO: [Synth 8-5775] Found 'rw_addr_collision' attribute set to 'no' on SDP RAM gen_wr_a.gen_word_narrow.mem_reg. Setting write mode to NO_CHANGE 
INFO: [Synth 8-5775] Found 'rw_addr_collision' attribute set to 'no' on SDP RAM gen_wr_a.gen_word_narrow.mem_reg. Setting write mode to NO_CHANGE 
---------------------------------------------------------------------------------
Finished Timing Optimization : Time (s): cpu = 00:00:39 ; elapsed = 00:00:56 . Memory (MB): peak = 996.938 ; gain = 368.160
---------------------------------------------------------------------------------
---------------------------------------------------------------------------------
Start ROM, RAM, DSP and Shift Register Reporting
---------------------------------------------------------------------------------

Block RAM: Final Mapping  Report
+-----------------+----------------------------------+------------------------+---+---+------------------------+---+---+------------------+--------+--------+
|Module Name      | RTL Object                       | PORT A (Depth x Width) | W | R | PORT B (Depth x Width) | W | R | Ports driving FF | RAMB18 | RAMB36 | 
+-----------------+----------------------------------+------------------------+---+---+------------------------+---+---+------------------+--------+--------+
|xpm_memory_base: | gen_wr_a.gen_word_narrow.mem_reg | 2 K x 8(NO_CHANGE)     | W |   | 2 K x 8(NO_CHANGE)     |   | R | Port A and B     | 1      | 0      | 
|xpm_memory_base: | gen_wr_a.gen_word_narrow.mem_reg | 2 K x 8(NO_CHANGE)     | W |   | 2 K x 8(NO_CHANGE)     |   | R | Port A and B     | 1      | 0      | 
+-----------------+----------------------------------+------------------------+---+---+------------------------+---+---+------------------+--------+--------+

---------------------------------------------------------------------------------
Finished ROM, RAM, DSP and Shift Register Reporting
---------------------------------------------------------------------------------

Report RTL Partitions: 
+-+--------------+------------+----------+
| |RTL Partition |Replication |Instances |
+-+--------------+------------+----------+
+-+--------------+------------+----------+
---------------------------------------------------------------------------------
Start Technology Mapping
---------------------------------------------------------------------------------
---------------------------------------------------------------------------------
Finished Technology Mapping : Time (s): cpu = 00:00:40 ; elapsed = 00:00:57 . Memory (MB): peak = 996.938 ; gain = 368.160
---------------------------------------------------------------------------------

Report RTL Partitions: 
+-+--------------+------------+----------+
| |RTL Partition |Replication |Instances |
+-+--------------+------------+----------+
+-+--------------+------------+----------+
---------------------------------------------------------------------------------
Start IO Insertion
---------------------------------------------------------------------------------
---------------------------------------------------------------------------------
Start Flattening Before IO Insertion
---------------------------------------------------------------------------------
---------------------------------------------------------------------------------
Finished Flattening Before IO Insertion
---------------------------------------------------------------------------------
---------------------------------------------------------------------------------
Start Final Netlist Cleanup
---------------------------------------------------------------------------------
---------------------------------------------------------------------------------
Finished Final Netlist Cleanup
---------------------------------------------------------------------------------
---------------------------------------------------------------------------------
Finished IO Insertion : Time (s): cpu = 00:00:44 ; elapsed = 00:01:01 . Memory (MB): peak = 1001.289 ; gain = 372.512
---------------------------------------------------------------------------------

Report Check Netlist: 
+------+------------------+-------+---------+-------+------------------+
|      |Item              |Errors |Warnings |Status |Description       |
+------+------------------+-------+---------+-------+------------------+
|1     |multi_driven_nets |      0|        0|Passed |Multi driven nets |
+------+------------------+-------+---------+-------+------------------+
---------------------------------------------------------------------------------
Start Renaming Generated Instances
---------------------------------------------------------------------------------
---------------------------------------------------------------------------------
Finished Renaming Generated Instances : Time (s): cpu = 00:00:44 ; elapsed = 00:01:01 . Memory (MB): peak = 1001.289 ; gain = 372.512
---------------------------------------------------------------------------------

Report RTL Partitions: 
+-+--------------+------------+----------+
| |RTL Partition |Replication |Instances |
+-+--------------+------------+----------+
+-+--------------+------------+----------+
---------------------------------------------------------------------------------
Start Rebuilding User Hierarchy
---------------------------------------------------------------------------------
---------------------------------------------------------------------------------
Finished Rebuilding User Hierarchy : Time (s): cpu = 00:00:44 ; elapsed = 00:01:01 . Memory (MB): peak = 1001.289 ; gain = 372.512
---------------------------------------------------------------------------------
---------------------------------------------------------------------------------
Start Renaming Generated Ports
---------------------------------------------------------------------------------
---------------------------------------------------------------------------------
Finished Renaming Generated Ports : Time (s): cpu = 00:00:44 ; elapsed = 00:01:01 . Memory (MB): peak = 1001.289 ; gain = 372.512
---------------------------------------------------------------------------------
---------------------------------------------------------------------------------
Start Handling Custom Attributes
---------------------------------------------------------------------------------
---------------------------------------------------------------------------------
Finished Handling Custom Attributes : Time (s): cpu = 00:00:44 ; elapsed = 00:01:01 . Memory (MB): peak = 1001.289 ; gain = 372.512
---------------------------------------------------------------------------------
---------------------------------------------------------------------------------
Start Renaming Generated Nets
---------------------------------------------------------------------------------
---------------------------------------------------------------------------------
Finished Renaming Generated Nets : Time (s): cpu = 00:00:44 ; elapsed = 00:01:01 . Memory (MB): peak = 1001.289 ; gain = 372.512
---------------------------------------------------------------------------------
---------------------------------------------------------------------------------
Start Writing Synthesis Report
---------------------------------------------------------------------------------

Report BlackBoxes: 
+-+--------------+----------+
| |BlackBox name |Instances |
+-+--------------+----------+
+-+--------------+----------+

Report Cell Usage: 
+------+-----------+------+
|      |Cell       |Count |
+------+-----------+------+
|1     |CARRY4     |    52|
|2     |LUT1       |     5|
|3     |LUT2       |   132|
|4     |LUT3       |    68|
|5     |LUT4       |    67|
|6     |LUT5       |    56|
|7     |LUT6       |    70|
|8     |RAMB18E1_1 |     2|
|9     |FDCE       |    20|
|10    |FDPE       |     1|
|11    |FDRE       |   597|
|12    |FDSE       |    23|
+------+-----------+------+

Report Instance Areas: 
+------+---------------------------------------------+------------------------------------+------+
|      |Instance                                     |Module                              |Cells |
+------+---------------------------------------------+------------------------------------+------+
|1     |top                                          |                                    |  1093|
|2     |  U0                                         |AXI4Stream_RS232_v1_0               |  1093|
|3     |    FIFO_DATA_TX                             |xpm_fifo_async__xdcDup__1           |   462|
|4     |      \gnuram_async_fifo.xpm_fifo_base_inst  |xpm_fifo_base__xdcDup__1            |   462|
|5     |        \gen_sdpram.xpm_memory_base_inst     |xpm_memory_base__2                  |     1|
|6     |        \gen_cdc_pntr.wr_pntr_cdc_inst       |xpm_cdc_gray__4                     |    53|
|7     |        \gen_cdc_pntr.wr_pntr_cdc_dc_inst    |xpm_cdc_gray__parameterized0__2     |    82|
|8     |        \gen_cdc_pntr.rd_pntr_cdc_inst       |xpm_cdc_gray__5                     |    53|
|9     |        \gen_cdc_pntr.rd_pntr_cdc_dc_inst    |xpm_cdc_gray__parameterized1__2     |    58|
|10    |        \gaf_wptr_p3.wrpp3_inst              |xpm_counter_updn_3                  |    14|
|11    |        \gen_cdc_pntr.rpw_gray_reg           |xpm_fifo_reg_vec_4                  |    28|
|12    |        \gen_cdc_pntr.wpr_gray_reg           |xpm_fifo_reg_vec_5                  |    22|
|13    |        \gen_fwft.rdpp1_inst                 |xpm_counter_updn__parameterized1_6  |    16|
|14    |        rdp_inst                             |xpm_counter_updn__parameterized2_7  |    21|
|15    |        rdpp1_inst                           |xpm_counter_updn__parameterized3_8  |    15|
|16    |        rst_d1_inst                          |xpm_fifo_reg_bit_9                  |     6|
|17    |        wrp_inst                             |xpm_counter_updn__parameterized2_10 |    15|
|18    |        wrpp1_inst                           |xpm_counter_updn__parameterized3_11 |    14|
|19    |        wrpp2_inst                           |xpm_counter_updn__parameterized0_12 |    14|
|20    |        xpm_fifo_rst_inst                    |xpm_fifo_rst__xdcDup__1             |    37|
|21    |          \gen_rst_ic.wrst_rd_inst           |xpm_cdc_sync_rst__4                 |     2|
|22    |          \gen_rst_ic.rrst_wr_inst           |xpm_cdc_sync_rst__5                 |     2|
|23    |    FIFO_DATA_RX                             |xpm_fifo_async                      |   462|
|24    |      \gnuram_async_fifo.xpm_fifo_base_inst  |xpm_fifo_base                       |   462|
|25    |        \gen_sdpram.xpm_memory_base_inst     |xpm_memory_base                     |     1|
|26    |        \gen_cdc_pntr.wr_pntr_cdc_inst       |xpm_cdc_gray__6                     |    53|
|27    |        \gen_cdc_pntr.wr_pntr_cdc_dc_inst    |xpm_cdc_gray__parameterized0        |    82|
|28    |        \gen_cdc_pntr.rd_pntr_cdc_inst       |xpm_cdc_gray                        |    53|
|29    |        \gen_cdc_pntr.rd_pntr_cdc_dc_inst    |xpm_cdc_gray__parameterized1        |    58|
|30    |        \gaf_wptr_p3.wrpp3_inst              |xpm_counter_updn                    |    14|
|31    |        \gen_cdc_pntr.rpw_gray_reg           |xpm_fifo_reg_vec                    |    28|
|32    |        \gen_cdc_pntr.wpr_gray_reg           |xpm_fifo_reg_vec_0                  |    22|
|33    |        \gen_fwft.rdpp1_inst                 |xpm_counter_updn__parameterized1    |    16|
|34    |        rdp_inst                             |xpm_counter_updn__parameterized2    |    21|
|35    |        rdpp1_inst                           |xpm_counter_updn__parameterized3    |    15|
|36    |        rst_d1_inst                          |xpm_fifo_reg_bit                    |     6|
|37    |        wrp_inst                             |xpm_counter_updn__parameterized2_1  |    15|
|38    |        wrpp1_inst                           |xpm_counter_updn__parameterized3_2  |    14|
|39    |        wrpp2_inst                           |xpm_counter_updn__parameterized0    |    14|
|40    |        xpm_fifo_rst_inst                    |xpm_fifo_rst                        |    37|
|41    |          \gen_rst_ic.wrst_rd_inst           |xpm_cdc_sync_rst__6                 |     2|
|42    |          \gen_rst_ic.rrst_wr_inst           |xpm_cdc_sync_rst                    |     2|
|43    |    RS232_Manager_inst                       |RS232_Manager                       |   164|
|44    |      Inst_uart                              |UART_Engine                         |   133|
+------+---------------------------------------------+------------------------------------+------+
---------------------------------------------------------------------------------
Finished Writing Synthesis Report : Time (s): cpu = 00:00:44 ; elapsed = 00:01:01 . Memory (MB): peak = 1001.289 ; gain = 372.512
---------------------------------------------------------------------------------
Synthesis finished with 0 errors, 0 critical warnings and 14 warnings.
Synthesis Optimization Runtime : Time (s): cpu = 00:00:33 ; elapsed = 00:00:51 . Memory (MB): peak = 1001.289 ; gain = 252.258
Synthesis Optimization Complete : Time (s): cpu = 00:00:45 ; elapsed = 00:01:02 . Memory (MB): peak = 1001.289 ; gain = 372.512
INFO: [Project 1-571] Translating synthesized netlist
INFO: [Netlist 29-17] Analyzing 54 Unisim elements for replacement
INFO: [Netlist 29-28] Unisim Transformation completed in 0 CPU seconds
INFO: [Project 1-570] Preparing netlist for logic optimization
INFO: [Opt 31-138] Pushed 0 inverter(s) to 0 load pin(s).
Netlist sorting complete. Time (s): cpu = 00:00:00 ; elapsed = 00:00:00 . Memory (MB): peak = 1015.172 ; gain = 0.000
INFO: [Project 1-111] Unisim Transformation Summary:
No Unisim elements were transformed.

INFO: [Common 17-83] Releasing license: Synthesis
114 Infos, 41 Warnings, 0 Critical Warnings and 0 Errors encountered.
synth_design completed successfully
synth_design: Time (s): cpu = 00:00:55 ; elapsed = 00:01:24 . Memory (MB): peak = 1015.172 ; gain = 628.574
Netlist sorting complete. Time (s): cpu = 00:00:00 ; elapsed = 00:00:00.002 . Memory (MB): peak = 1015.172 ; gain = 0.000
WARNING: [Constraints 18-5210] No constraints selected for write.
Resolution: This message can indicate that there are no constraints for the design, or it can indicate that the used_in flags are set such that the constraints are ignored. This later case is used when running synth_design to not write synthesis constraints to the resulting checkpoint. Instead, project constraints are read when the synthesized design is opened.
INFO: [Common 17-1381] The checkpoint 'F:/UOM/Semester7/FYP/NDVI_Camera/PickTea/HOME2_C1/VIVADO/lab2_home/lab2_home.runs/AXI4Stream_RS232_0_synth_1/AXI4Stream_RS232_0.dcp' has been generated.
WARNING: [Common 17-576] 'use_project_ipc' is deprecated. This option is deprecated and no longer used.
INFO: [Coretcl 2-1648] Added synthesis output to IP cache for IP AXI4Stream_RS232_0, cache-ID = d602b905b1fd0b37
INFO: [Coretcl 2-1174] Renamed 43 cell refs.
Netlist sorting complete. Time (s): cpu = 00:00:00 ; elapsed = 00:00:00.001 . Memory (MB): peak = 1015.172 ; gain = 0.000
WARNING: [Constraints 18-5210] No constraints selected for write.
Resolution: This message can indicate that there are no constraints for the design, or it can indicate that the used_in flags are set such that the constraints are ignored. This later case is used when running synth_design to not write synthesis constraints to the resulting checkpoint. Instead, project constraints are read when the synthesized design is opened.
INFO: [Common 17-1381] The checkpoint 'F:/UOM/Semester7/FYP/NDVI_Camera/PickTea/HOME2_C1/VIVADO/lab2_home/lab2_home.runs/AXI4Stream_RS232_0_synth_1/AXI4Stream_RS232_0.dcp' has been generated.
INFO: [runtcl-4] Executing : report_utilization -file AXI4Stream_RS232_0_utilization_synth.rpt -pb AXI4Stream_RS232_0_utilization_synth.pb
INFO: [Common 17-206] Exiting Vivado at Thu Sep 12 15:13:22 2019...
